[init] load config (27ms)
[init] auto policy (provided)
[init] cache root (default): C:\Users\sneak\AppData\Local\PairOfCleats\ck1
[init] repo cache root: C:\Users\sneak\AppData\Local\PairOfCleats\ck1\repos\doublecleat-8857948ebbca
[init] runtime envelope (1ms)
[init] repo provenance (55ms)
[init] build root: C:\Users\sneak\AppData\Local\PairOfCleats\ck1\repos\doublecleat-8857948ebbca\builds\20260206T103939Z_d1e6473_a343c955
[init] current index root: C:\Users\sneak\AppData\Local\PairOfCleats\ck1\repos\doublecleat-8857948ebbca\builds\20260206T095512Z_d1e6473_a343c955
[init] tree-sitter config (1ms)
JS file caps default to tree-sitter maxBytes (524288).
[init] embedding runtime (1ms)
[init] dictionaries (2ms)
[init] ignore rules (3ms)
Wordlists disabled: no dictionary files found; identifier splitting will be limited.
Code dictionaries enabled: no code dictionary files found for gated languages.
[ignore] read-failed .pairofcleatsignore (ENOENT)
Two-stage indexing: stage2 (enrichment) running.
Embeddings: deferred to stage3 (stage2).
Queue concurrency: io=32, cpu=16.
Type inference metadata enabled via indexing.typeInference.
Worker pool enabled (auto, maxThreads=16).
Worker pool auto threshold: maxFileBytes=524288.
[init] worker pools (11ms)
Build environment snapshot.
[init] runtime ready (153ms)
Overall 0/27
→ Preprocess: 3,991 files across 4 mode(s).
[init] code index dir: C:\Users\sneak\AppData\Local\PairOfCleats\ck1\repos\doublecleat-8857948ebbca\builds\20260206T103939Z_d1e6473_a343c955\index-code
📄  Scanning code ...
code Stage 1/6 discovery
[           Code | Stage 1]
→ Reusing shared discovery results.
→ Found 1632 files.
Scanning for imports...
code Imports 1,632/1,632 (done)
code Imports 1,632/1,632 (done)
code Imports 1,632/1,632 (done)
→ Imports: modules=1193, edges=5278, files=1388
Auto-selected context window: 7 lines
Processing and indexing files...
Indexing Concurrency: Files: 16, Imports: 16, IO: 32, CPU: 16
code Files 10/1,632
code Files 28/1,632
code Files 35/1,632
code Files 53/1,632
code Files 78/1,632
code Files 96/1,632
code Files 128/1,632
code Files 158/1,632
code Files 183/1,632
code Files 211/1,632
code Files 236/1,632
code Files 259/1,632
code Files 288/1,632
code Files 311/1,632
code Files 343/1,632
code Files 365/1,632
code Files 394/1,632
code Files 417/1,632
code Files 445/1,632
code Files 472/1,632
code Files 497/1,632
code Files 524/1,632
code Files 544/1,632
[tree-sitter] Missing WASM grammar for html (WASM grammar not loaded).
code Files 567/1,632
[encoding] fallback decode used for tests/fixtures/encoding/latin1.js (iso-8859-2, conf=70.00).
code Files 577/1,632
[tree-sitter] Missing WASM grammar for css (WASM grammar not loaded).
code Files 584/1,632
code Files 593/1,632
[tree-sitter] Missing WASM grammar for csharp (WASM grammar not loaded).
[tree-sitter] Missing WASM grammar for go (WASM grammar not loaded).
code Files 605/1,632
[tree-sitter] Missing WASM grammar for java (WASM grammar not loaded).
[tree-sitter] Missing WASM grammar for kotlin (WASM grammar not loaded).
[identity] chunkUid collisions in tests/fixtures/languages/src/kotlin_advanced.kt: groups=1, ordinals=1
code Files 613/1,632
code Files 619/1,632
[tree-sitter] Missing WASM grammar for rust (WASM grammar not loaded).
[tree-sitter] Missing WASM grammar for swift (WASM grammar not loaded).
code Files 629/1,632


#
# Fatal process out of memory: Zone
#
----- Native stack trace -----

 1: 00007FF6F271EF1D node::MultiIsolatePlatform::DisposeIsolate+5341
 2: 00007FF6F3B72536 v8::base::FatalOOM+54
 3: 00007FF6F3413705 v8::Function::NewInstance+245
 4: 00007FF6F2D8E556 v8::SnapshotCreator::GetIsolate+56566
 5: 00007FF6F403E4DA v8::base::DiyFp::Multiply+2833274
 6: 00007FF6F403DD08 v8::base::DiyFp::Multiply+2831272
 7: 00007FF6F403D1DD v8::base::DiyFp::Multiply+2828413
 8: 00007FF6F403CCB4 v8::base::DiyFp::Multiply+2827092
 9: 00007FF6F403C3C1 v8::base::DiyFp::Multiply+2824801
10: 00007FF6F3DF00B6 v8::base::DiyFp::Multiply+415574
11: 00007FF6F3DEEB75 v8::base::DiyFp::Multiply+410133
12: 00007FF6F3BD281B v8::internal::compiler::CompilationDependencies::FieldTypeDependencyOffTheRecord+192907
13: 00007FF6F2A87E16 DH_get0_engine+659126
14: 00007FF6F2A83553 DH_get0_engine+640499
15: 00007FF6F2A82E39 DH_get0_engine+638681
16: 00007FF6F3BE610F v8::base::SysInfo::AddressSpaceEnd+3167
17: 00007FF6F271ADDE node::GetNodeReport+89326
18: 00007FF6F3468B26 uv_thread_detach+150
19: 00007FF6F46AA3B3 v8::base::UnsignedDivisionByConstant<unsigned __int64>+2903891
20: 00007FF92E98E8D7 BaseThreadInitThunk+23
21: 00007FF92FB6C53C RtlUserThreadStart+44
